c:\users\deada\desktop\c\matrixorbitalapp\sendingsomethinguseful\consoleapplication1\consoleapplication1\debug\consoleapplication1.pch
c:\users\deada\desktop\c\matrixorbitalapp\sendingsomethinguseful\consoleapplication1\consoleapplication1\debug\vc141.pdb
c:\users\deada\desktop\c\matrixorbitalapp\sendingsomethinguseful\consoleapplication1\consoleapplication1\debug\pch.obj
c:\users\deada\desktop\c\matrixorbitalapp\sendingsomethinguseful\consoleapplication1\consoleapplication1\debug\consoleapplication1.obj
c:\users\deada\desktop\c\matrixorbitalapp\sendingsomethinguseful\consoleapplication1\consoleapplication1\debug\assemblyinfo.obj
c:\users\deada\desktop\c\matrixorbitalapp\sendingsomethinguseful\consoleapplication1\consoleapplication1\debug\.netframework,version=v4.6.1.assemblyattributes.obj
c:\users\deada\desktop\c\matrixorbitalapp\sendingsomethinguseful\consoleapplication1\consoleapplication1\debug\.netframework,version=v4.6.1.assemblyattributes.asm
c:\users\deada\desktop\c\matrixorbitalapp\sendingsomethinguseful\consoleapplication1\debug\consoleapplication1.exe
c:\users\deada\desktop\c\matrixorbitalapp\sendingsomethinguseful\consoleapplication1\debug\consoleapplication1.pdb
c:\users\deada\desktop\c\matrixorbitalapp\sendingsomethinguseful\consoleapplication1\consoleapplication1\debug\app.res
c:\users\deada\desktop\c\matrixorbitalapp\sendingsomethinguseful\consoleapplication1\consoleapplication1\debug\consoleapplication1.vcxprojassemblyreference.cache
c:\users\deada\desktop\c\matrixorbitalapp\sendingsomethinguseful\consoleapplication1\consoleapplication1\debug\consolea.2494e208.tlog\cl.command.1.tlog
c:\users\deada\desktop\c\matrixorbitalapp\sendingsomethinguseful\consoleapplication1\consoleapplication1\debug\consolea.2494e208.tlog\cl.read.1.tlog
c:\users\deada\desktop\c\matrixorbitalapp\sendingsomethinguseful\consoleapplication1\consoleapplication1\debug\consolea.2494e208.tlog\cl.write.1.tlog
c:\users\deada\desktop\c\matrixorbitalapp\sendingsomethinguseful\consoleapplication1\consoleapplication1\debug\consolea.2494e208.tlog\link.command.1.tlog
c:\users\deada\desktop\c\matrixorbitalapp\sendingsomethinguseful\consoleapplication1\consoleapplication1\debug\consolea.2494e208.tlog\link.read.1.tlog
c:\users\deada\desktop\c\matrixorbitalapp\sendingsomethinguseful\consoleapplication1\consoleapplication1\debug\consolea.2494e208.tlog\link.write.1.tlog
c:\users\deada\desktop\c\matrixorbitalapp\sendingsomethinguseful\consoleapplication1\consoleapplication1\debug\consolea.2494e208.tlog\metagen.read.1.tlog
c:\users\deada\desktop\c\matrixorbitalapp\sendingsomethinguseful\consoleapplication1\consoleapplication1\debug\consolea.2494e208.tlog\metagen.write.1.tlog
c:\users\deada\desktop\c\matrixorbitalapp\sendingsomethinguseful\consoleapplication1\consoleapplication1\debug\consolea.2494e208.tlog\rc.command.1.tlog
c:\users\deada\desktop\c\matrixorbitalapp\sendingsomethinguseful\consoleapplication1\consoleapplication1\debug\consolea.2494e208.tlog\rc.read.1.tlog
c:\users\deada\desktop\c\matrixorbitalapp\sendingsomethinguseful\consoleapplication1\consoleapplication1\debug\consolea.2494e208.tlog\rc.write.1.tlog
